NAME: grafana
LAST DEPLOYED: Thu Sep 17 08:40:45 2020
NAMESPACE: prograf
STATUS: deployed
REVISION: 1
NOTES:
1. Get your 'admin' user password by running:

   kubectl get secret --namespace prograf grafana -o jsonpath="{.data.admin-password}" | base64 --decode ; echo

2. The Grafana server can be accessed via port 80 on the following DNS name from within your cluster:

   grafana.prograf.svc.cluster.local

   If you bind grafana to 80, please update values in values.yaml and reinstall:
   ```
   securityContext:
     runAsUser: 0
     runAsGroup: 0
     fsGroup: 0

   command:
   - "setcap"
   - "'cap_net_bind_service=+ep'"
   - "/usr/sbin/grafana-server &&"
   - "sh"
   - "/run.sh"
   ```
   Details refer to https://grafana.com/docs/installation/configuration/#http-port.
   Or grafana would always crash.

   From outside the cluster, the server URL(s) are:
     http://


3. Login with the password from step 1 and the username: admin
#################################################################################
######   WARNING: Persistence is disabled!!! You will lose your data when   #####
######            the Grafana pod is terminated.                            #####
#################################################################################
NAME: prometheus
LAST DEPLOYED: Thu Sep 17 08:41:57 2020
NAMESPACE: prograf
STATUS: deployed
REVISION: 1
TEST SUITE: None
NOTES:
The Prometheus server can be accessed via port 80 on the following DNS name from within your cluster:
prometheus-server.prograf.svc.cluster.local


Get the Prometheus server URL by running these commands in the same shell:
  export POD_NAME=$(kubectl get pods --namespace prograf -l "app=prometheus,component=server" -o jsonpath="{.items[0].metadata.name}")
  kubectl --namespace prograf port-forward $POD_NAME 9090
#################################################################################
######   WARNING: Persistence is disabled!!! You will lose your data when   #####
######            the Server pod is terminated.                             #####
#################################################################################


#################################################################################
######   WARNING: Pod Security Policy has been moved to a global property.  #####
######            use .Values.podSecurityPolicy.enabled with pod-based      #####
######            annotations                                               #####
######            (e.g. .Values.nodeExporter.podSecurityPolicy.annotations) #####
#################################################################################


The Prometheus PushGateway can be accessed via port 9091 on the following DNS name from within your cluster:
prometheus-pushgateway.prograf.svc.cluster.local


Get the PushGateway URL by running these commands in the same shell:
  export POD_NAME=$(kubectl get pods --namespace prograf -l "app=prometheus,component=pushgateway" -o jsonpath="{.items[0].metadata.name}")
  kubectl --namespace prograf port-forward $POD_NAME 9091

For more information on running Prometheus, visit:
https://prometheus.io/
NAME: ingress-nginx
LAST DEPLOYED: Thu Sep 17 08:42:49 2020
NAMESPACE: default
STATUS: deployed
REVISION: 1
TEST SUITE: None
NOTES:
The ingress-nginx controller has been installed.
It may take a few minutes for the LoadBalancer IP to be available.
You can watch the status by running 'kubectl --namespace default get services -o wide -w ingress-nginx-controller'

An example Ingress that makes use of the controller:

  apiVersion: networking.k8s.io/v1beta1
  kind: Ingress
  metadata:
    annotations:
      kubernetes.io/ingress.class: nginx
    name: example
    namespace: foo
  spec:
    rules:
      - host: www.example.com
        http:
          paths:
            - backend:
                serviceName: exampleService
                servicePort: 80
              path: /
    # This section is only required if TLS is to be enabled for the Ingress
    tls:
        - hosts:
            - www.example.com
          secretName: example-tls

If TLS is enabled for the Ingress, a Secret containing the certificate and key must also be provided:

  apiVersion: v1
  kind: Secret
  metadata:
    name: example-tls
    namespace: foo
  data:
    tls.crt: <base64 encoded cert>
    tls.key: <base64 encoded key>
  type: kubernetes.io/tls
